<?xml version="1.0" encoding="UTF-8"?>
<!-- Generated by org.testng.reporters.JUnitReportReporter -->
<testsuite hostname="PrashanthReddy" failures="0" tests="1" name="maven.project.Suite2" time="12.362" errors="0" timestamp="2020-04-28T17:27:17 IST" skipped="0">
  <testcase classname="maven.project.Suite2" name="invlid" time="12.362"/>
  <system-out/>
</testsuite> <!-- maven.project.Suite2 -->
